2020-03-28 22:13:05.018316: [Errno 19] No such device2020-03-28 22:14:32.904094: [Errno 19] No such device2020-03-28 22:14:45.728075: [Errno 19] No such device2020-03-28 22:18:16.515613: [Errno 19] No such device2020-03-28 22:20:26.562324: [Errno 19] No such device2020-03-28 22:20:46.072595: [Errno 19] No such device2020-03-28 22:21:08.698176: [Errno 19] No such device2020-03-28 22:21:30.144986: [Errno 19] No such device2020-04-24 14:28:39.334578: [Errno 19] No such device2020-04-26 15:58:45.752644: /lib/arm-linux-gnueabihf/libc.so.6: version `GLIBC_2.25' not found (required by /home/pi/Desktop/Testing/venvtest/lib/python3.7/site-packages/nacl/_sodium.abi3.so)
2020-04-26 15:58:45.763989: 'NoneType' object has no attribute 'is_active'
2020-04-26 16:01:50.696190: /lib/arm-linux-gnueabihf/libc.so.6: version `GLIBC_2.25' not found (required by /home/pi/Desktop/Testing/venvtest/lib/python3.7/site-packages/nacl/_sodium.abi3.so)
2020-04-26 16:01:50.707392: 'NoneType' object has no attribute 'is_active'
2020-04-26 16:04:05.685869: /lib/arm-linux-gnueabihf/libc.so.6: version `GLIBC_2.25' not found (required by /home/pi/Desktop/Testing/venvtest/lib/python3.7/site-packages/nacl/_sodium.abi3.so)
2020-04-26 16:27:30.639360: /lib/arm-linux-gnueabihf/libc.so.6: version `GLIBC_2.25' not found (required by /home/pi/Desktop/Testing/venvtest/lib/python3.7/site-packages/nacl/_sodium.abi3.so)
2020-04-26 16:27:30.651051: 'NoneType' object has no attribute 'is_active'
2020-04-26 16:42:44.712414: /lib/arm-linux-gnueabihf/libc.so.6: version `GLIBC_2.25' not found (required by /home/pi/Desktop/Testing/venvtest/lib/python3.7/site-packages/nacl/_sodium.abi3.so)
2020-04-26 16:42:44.724585: 'NoneType' object has no attribute 'is_active'
2020-04-26 16:54:03.978881: /lib/arm-linux-gnueabihf/libc.so.6: version `GLIBC_2.25' not found (required by /home/pi/Desktop/Testing/venvtest/lib/python3.7/site-packages/nacl/_sodium.abi3.so)
2020-04-26 16:54:03.991446: 'NoneType' object has no attribute 'is_active'
2020-04-26 16:56:11.283546: /lib/arm-linux-gnueabihf/libc.so.6: version `GLIBC_2.25' not found (required by /home/pi/Desktop/Testing/venvtest/lib/python3.7/site-packages/nacl/_sodium.abi3.so)
2020-04-26 16:56:11.295211: 'NoneType' object has no attribute 'is_active'
2020-04-26 16:56:34.678097: /lib/arm-linux-gnueabihf/libc.so.6: version `GLIBC_2.25' not found (required by /home/pi/Desktop/Testing/venvtest/lib/python3.7/site-packages/nacl/_sodium.abi3.so)
2020-04-26 16:56:34.689280: 'NoneType' object has no attribute 'is_active'
2020-04-26 17:03:27.565265: /lib/arm-linux-gnueabihf/libc.so.6: version `GLIBC_2.25' not found (required by /home/pi/Desktop/Testing/venvtest/lib/python3.7/site-packages/nacl/_sodium.abi3.so)
2020-04-26 17:04:32.233500: /lib/arm-linux-gnueabihf/libc.so.6: version `GLIBC_2.25' not found (required by /home/pi/Desktop/Testing/venvtest/lib/python3.7/site-packages/nacl/_sodium.abi3.so)
2020-04-26 17:04:32.245690: 'NoneType' object has no attribute 'is_active'
2020-04-26 17:05:57.614541: /lib/arm-linux-gnueabihf/libc.so.6: version `GLIBC_2.25' not found (required by /home/pi/Desktop/Testing/venvtest/lib/python3.7/site-packages/nacl/_sodium.abi3.so)
2020-04-26 17:05:57.634140: 'NoneType' object has no attribute 'is_active'
2020-04-26 17:06:12.534628: /lib/arm-linux-gnueabihf/libc.so.6: version `GLIBC_2.25' not found (required by /home/pi/Desktop/Testing/venvtest/lib/python3.7/site-packages/nacl/_sodium.abi3.so)
2020-04-26 17:07:28.948652: /lib/arm-linux-gnueabihf/libc.so.6: version `GLIBC_2.25' not found (required by /home/pi/Desktop/Testing/venvtest/lib/python3.7/site-packages/nacl/_sodium.abi3.so)
2020-04-26 17:08:28.202607: /lib/arm-linux-gnueabihf/libc.so.6: version `GLIBC_2.25' not found (required by /home/pi/Desktop/Testing/venvtest/lib/python3.7/site-packages/nacl/_sodium.abi3.so)
2020-04-26 17:10:09.575422: /lib/arm-linux-gnueabihf/libc.so.6: version `GLIBC_2.25' not found (required by /home/pi/Desktop/Testing/venvtest/lib/python3.7/site-packages/nacl/_sodium.abi3.so)
2020-04-26 17:11:59.686354: /lib/arm-linux-gnueabihf/libc.so.6: version `GLIBC_2.25' not found (required by /home/pi/Desktop/Testing/venvtest/lib/python3.7/site-packages/nacl/_sodium.abi3.so)
2020-04-26 17:12:39.440171: /lib/arm-linux-gnueabihf/libc.so.6: version `GLIBC_2.25' not found (required by /home/pi/Desktop/Testing/venvtest/lib/python3.7/site-packages/nacl/_sodium.abi3.so)
2020-04-26 17:12:39.452109: 'NoneType' object has no attribute 'is_active'
2020-04-26 17:17:50.226128: /lib/arm-linux-gnueabihf/libc.so.6: version `GLIBC_2.25' not found (required by /home/pi/Desktop/Testing/venvtest/lib/python3.7/site-packages/nacl/_sodium.abi3.so)
2020-04-26 17:17:50.238075: 'NoneType' object has no attribute 'is_active'
2020-04-26 17:20:36.309283: /lib/arm-linux-gnueabihf/libc.so.6: version `GLIBC_2.25' not found (required by /home/pi/Desktop/Testing/venvtest/lib/python3.7/site-packages/nacl/_sodium.abi3.so)
2020-04-26 17:20:36.321128: ConnectionModule: Database Connection closed2020-04-26 17:20:36.321339: 'NoneType' object has no attribute 'is_active'
2020-04-26 17:22:52.718299: /lib/arm-linux-gnueabihf/libc.so.6: version `GLIBC_2.25' not found (required by /home/pi/Desktop/Testing/venvtest/lib/python3.7/site-packages/nacl/_sodium.abi3.so)
2020-04-26 17:22:52.730031: ConnectionModule:  Database Connection closed2020-04-26 17:22:52.730244: 'NoneType' object has no attribute 'is_active'
2020-04-26 17:24:31.915708: /lib/arm-linux-gnueabihf/libc.so.6: version `GLIBC_2.25' not found (required by /home/pi/Desktop/Testing/venvtest/lib/python3.7/site-packages/nacl/_sodium.abi3.so)

2020-04-26 17:24:31.928593: ConnectionModule:  Database Connection closed
2020-04-26 17:24:31.928806: 'NoneType' object has no attribute 'is_active'
2020-04-26 17:24:47.172720: /lib/arm-linux-gnueabihf/libc.so.6: version `GLIBC_2.25' not found (required by /home/pi/Desktop/Testing/venvtest/lib/python3.7/site-packages/nacl/_sodium.abi3.so)
2020-04-26 17:24:47.185607: ConnectionModule:  Database Connection closed
2020-04-26 17:24:47.185798: 'NoneType' object has no attribute 'is_active'
