Started: Sat 06 Jun 2020 06:02:25 PM EEST
Started: Sat 06 Jun 2020 06:03:57 PM EEST
Started: Sat 06 Jun 2020 06:04:49 PM EEST
Started: Sat 06 Jun 2020 06:05:10 PM EEST
Started: Sat 06 Jun 2020 06:05:43 PM EEST
Started: Sat 06 Jun 2020 06:05:54 PM EEST
Started: Sat 06 Jun 2020 06:06:09 PM EEST
Started: Sat 06 Jun 2020 06:09:00 PM EEST
Started: Sat 06 Jun 2020 06:09:16 PM EEST
Started: Sat 06 Jun 2020 06:10:33 PM EEST
Started: Sat 06 Jun 2020 06:10:50 PM EEST
Started: Sat 06 Jun 2020 06:11:26 PM EEST
Started: Sat 06 Jun 2020 06:11:50 PM EEST
Started: Sat 06 Jun 2020 06:12:08 PM EEST
Started: Sat 06 Jun 2020 06:13:39 PM EEST
Started: Sat 06 Jun 2020 06:13:48 PM EEST
Started: Sat 06 Jun 2020 06:16:15 PM EEST
Started: Sat 06 Jun 2020 06:18:18 PM EEST
Started: Sat 06 Jun 2020 06:19:19 PM EEST
Started: Sat 06 Jun 2020 06:20:45 PM EEST
Started: Sat 06 Jun 2020 06:22:14 PM EEST
Started: Sat 06 Jun 2020 06:23:30 PM EEST
Started: Sat 06 Jun 2020 06:24:15 PM EEST
Started: Sat 06 Jun 2020 06:24:38 PM EEST
Started: Sat 06 Jun 2020 06:24:46 PM EEST
Started: Sat 06 Jun 2020 06:25:53 PM EEST
Started: Sat 06 Jun 2020 06:26:10 PM EEST
Started: Sat 06 Jun 2020 06:32:06 PM EEST
Started: Sat 06 Jun 2020 06:33:26 PM EEST
Started: Sat 06 Jun 2020 06:34:47 PM EEST
Started: Sat 06 Jun 2020 06:43:30 PM EEST
Started: Sun 07 Jun 2020 01:41:55 AM EEST
Started: Sun 07 Jun 2020 01:56:48 AM EEST
Started: Sun 07 Jun 2020 01:59:28 AM EEST
Started: Sun 07 Jun 2020 02:03:34 AM EEST
Started: Sun 07 Jun 2020 02:06:18 AM EEST
Started: Sun 07 Jun 2020 02:08:05 AM EEST
Python 3.7.0
Started: Sun 07 Jun 2020 02:09:18 AM EEST
Python 3.7.0
Started: Sun 07 Jun 2020 02:11:31 AM EEST
Python 3.7.0
Started: Sun 07 Jun 2020 02:18:36 AM EEST
Python 3.7.0
Started: Sun 07 Jun 2020 02:23:01 AM EEST
Python 3.7.0
Started: Sun 07 Jun 2020 11:40:17 AM EEST
Python 3.7.0
Started: Sun 07 Jun 2020 11:45:55 AM EEST
Python 3.7.0
Started: Sun 07 Jun 2020 12:17:20 PM EEST
Python 3.7.0
Started: Sun 07 Jun 2020 12:35:17 PM EEST
Python 3.7.0
Started: Sun 07 Jun 2020 12:35:48 PM EEST
Python 3.7.0
Started at : Sun 07 Jun 2020 09:42:21 PM EEST and Python 3.7.0
Started at : Sun 07 Jun 2020 09:43:57 PM EEST and Python 3.7.0
Started at : Sun 07 Jun 2020 09:44:45 PM EEST and Python 3.7.0
Started at : Sun 07 Jun 2020 09:50:49 PM EEST and Python 3.7.0
Started at : Mon 08 Jun 2020 04:04:27 AM EEST and Python 3.7.0
Started at : Mon 08 Jun 2020 04:05:22 AM EEST and Python 3.7.0
Started at : Mon 08 Jun 2020 04:09:07 AM EEST and Python 3.7.0
Started at : Tue 09 Jun 2020 02:54:47 AM EEST and Python 3.7.0
Started at : Tue 09 Jun 2020 03:05:22 AM EEST and Python 3.7.0
Started at : Tue 09 Jun 2020 03:06:46 AM EEST and Python 3.7.0
Started at : Tue 09 Jun 2020 03:10:38 AM EEST and Python 3.7.0
Started at : Tue 09 Jun 2020 03:11:17 AM EEST and Python 3.7.0
Started at : Tue 09 Jun 2020 06:28:52 PM EEST and Python 3.7.0
Started at : Sat 13 Jun 2020 09:39:28 PM EEST and Python 3.7.0
Started at : Sat 13 Jun 2020 11:19:44 PM EEST and Python 3.7.0
Started at : Sun 14 Jun 2020 06:01:25 PM EEST and Python 3.7.0
Started at : Sun 14 Jun 2020 07:46:02 PM EEST and Python 3.7.0
Started at : Sun 14 Jun 2020 07:53:54 PM EEST and Python 3.7.0
Started at : Sun 14 Jun 2020 07:59:18 PM EEST and Python 3.7.0
Started at : Sun 14 Jun 2020 08:07:20 PM EEST and Python 3.7.0
Started at : Mon 15 Jun 2020 12:52:51 AM EEST and Python 3.7.0
Started at : Mon 15 Jun 2020 06:38:45 PM EEST and Python 3.7.0
Started at : Mon 15 Jun 2020 08:59:03 PM EEST and Python 3.7.0
Started at : Tue 16 Jun 2020 06:17:04 PM EEST and Python 3.7.0
Started at : Tue 16 Jun 2020 08:24:39 PM EEST and Python 3.7.0
Started at : Tue 16 Jun 2020 08:26:45 PM EEST and Python 3.7.0
Started at : Tue 16 Jun 2020 09:10:48 PM EEST and Python 3.7.0
Started at : Tue 16 Jun 2020 09:29:56 PM EEST and Python 3.7.0
Started at : Thu 18 Jun 2020 02:14:57 AM EEST and Python 3.7.0
Started at : Thu 18 Jun 2020 02:32:24 AM EEST and Python 3.7.0
Started at : Thu 18 Jun 2020 02:38:07 AM EEST and Python 3.7.0
Started at : Thu 18 Jun 2020 02:40:23 AM EEST and Python 3.7.0
Started at : Thu 18 Jun 2020 03:13:20 PM EEST and Python 3.7.0
Started at : Thu 18 Jun 2020 04:42:53 PM EEST and Python 3.7.0
Started at : Thu 18 Jun 2020 06:12:22 PM EEST and Python 3.7.0
Started at : Sat 20 Jun 2020 06:24:35 PM EEST and Python 3.7.0
Started at : Sun 21 Jun 2020 02:21:06 PM EEST and Python 3.7.0
Started at : Sun 21 Jun 2020 03:13:37 PM EEST and Python 3.7.0
Started at : Sun 21 Jun 2020 04:08:17 PM EEST and Python 3.7.0
Started at : Sun 21 Jun 2020 04:41:00 PM EEST and Python 3.7.0
Started at : Sun 21 Jun 2020 04:58:11 PM EEST and Python 3.7.0
